

================================================================
== Vitis HLS Report for 'fpga1'
================================================================
* Date:           Thu Apr 22 10:30:06 2021

* Version:        2020.2 (Build 3064766 on Wed Nov 18 09:12:47 MST 2020)
* Project:        fpga1
* Solution:       solution (Vitis Kernel Flow Target)
* Product family: virtexuplus
* Target device:  xcu200-fsgd2104-2-e


================================================================
== Performance Estimates
================================================================
+ Timing: 
    * Summary: 
    +--------+---------+----------+------------+
    |  Clock |  Target | Estimated| Uncertainty|
    +--------+---------+----------+------------+
    |ap_clk  |  3.33 ns|  2.433 ns|     0.90 ns|
    +--------+---------+----------+------------+

+ Latency: 
    * Summary: 
    +----------+----------+-----------+-----------+----------+----------+---------+
    |   Latency (cycles)  |   Latency (absolute)  |       Interval      | Pipeline|
    |    min   |    max   |    min    |    max    |    min   |    max   |   Type  |
    +----------+----------+-----------+-----------+----------+----------+---------+
    |  22907440|  22907440|  76.350 ms|  76.350 ms|  22907441|  22907441|     none|
    +----------+----------+-----------+-----------+----------+----------+---------+

    + Detail: 
        * Instance: 
        +-----------------------------------+------------------------+----------+----------+-----------+-----------+----------+----------+---------+
        |                                   |                        |   Latency (cycles)  |   Latency (absolute)  |       Interval      | Pipeline|
        |              Instance             |         Module         |    min   |    max   |    min    |    max    |    min   |    max   |   Type  |
        +-----------------------------------+------------------------+----------+----------+-----------+-----------+----------+----------+---------+
        |grp_attention_values_fused_fu_292  |attention_values_fused  |  12583002|  12583002|  41.939 ms|  41.939 ms|  12583002|  12583002|     none|
        |grp_linear_fused_fu_303            |linear_fused            |   1883353|   1883353|   6.277 ms|   6.277 ms|   1883353|   1883353|     none|
        |grp_linear_fused2_fu_327           |linear_fused2           |   1706029|   1706029|   5.686 ms|   5.686 ms|   1706029|   1706029|     none|
        |grp_attention_scores_fused_fu_344  |attention_scores_fused  |   2448386|   2448386|   8.160 ms|   8.160 ms|   2448386|   2448386|     none|
        |grp_layernorm_fused2_fu_354        |layernorm_fused2        |    519951|    519951|   1.733 ms|   1.733 ms|    519951|    519951|     none|
        +-----------------------------------+------------------------+----------+----------+-----------+-----------+----------+----------+---------+

        * Loop: 
        N/A



================================================================
== Utilization Estimates
================================================================
* Summary: 
+---------------------+---------+------+---------+---------+-----+
|         Name        | BRAM_18K|  DSP |    FF   |   LUT   | URAM|
+---------------------+---------+------+---------+---------+-----+
|DSP                  |        -|     -|        -|        -|    -|
|Expression           |        -|     -|        0|        2|    -|
|FIFO                 |        -|     -|        -|        -|    -|
|Instance             |       34|   651|   192817|   394830|    -|
|Memory               |       16|     -|        0|        0|    -|
|Multiplexer          |        -|     -|        -|     1080|    -|
|Register             |        -|     -|       23|        -|    -|
+---------------------+---------+------+---------+---------+-----+
|Total                |       50|   651|   192840|   395912|    0|
+---------------------+---------+------+---------+---------+-----+
|Available SLR        |     1440|  2280|   788160|   394080|  320|
+---------------------+---------+------+---------+---------+-----+
|Utilization SLR (%)  |        3|    28|       24|      100|    0|
+---------------------+---------+------+---------+---------+-----+
|Available            |     4320|  6840|  2364480|  1182240|  960|
+---------------------+---------+------+---------+---------+-----+
|Utilization (%)      |        1|     9|        8|       33|    0|
+---------------------+---------+------+---------+---------+-----+

+ Detail: 
    * Instance: 
    +------------------------------------+-------------------------------+---------+-----+-------+--------+-----+
    |              Instance              |             Module            | BRAM_18K| DSP |   FF  |   LUT  | URAM|
    +------------------------------------+-------------------------------+---------+-----+-------+--------+-----+
    |grp_attention_scores_fused_fu_344   |attention_scores_fused         |        0|  127|  13490|   15559|    0|
    |grp_attention_values_fused_fu_292   |attention_values_fused         |        0|   64|  78100|  296843|    0|
    |control_s_axi_U                     |control_s_axi                  |        0|    0|   1390|    2472|    0|
    |fmul_32ns_32ns_32_4_max_dsp_1_U801  |fmul_32ns_32ns_32_4_max_dsp_1  |        0|    3|    143|      78|    0|
    |fpext_32ns_64_2_no_dsp_1_U799       |fpext_32ns_64_2_no_dsp_1       |        0|    0|      0|       0|    0|
    |gmem_m_axi_U                        |gmem_m_axi                     |       30|    0|   1415|    1585|    0|
    |grp_layernorm_fused2_fu_354         |layernorm_fused2               |        0|    2|  43914|    5292|    0|
    |grp_linear_fused_fu_303             |linear_fused                   |        0|  320|  36720|   50812|    0|
    |grp_linear_fused2_fu_327            |linear_fused2                  |        4|  134|  17150|   22042|    0|
    |mul_26s_28ns_53_2_1_U804            |mul_26s_28ns_53_2_1            |        0|    1|    149|      41|    0|
    |mul_32s_34ns_64_2_1_U805            |mul_32s_34ns_64_2_1            |        0|    0|    173|      53|    0|
    |mul_32s_34ns_65_2_1_U800            |mul_32s_34ns_65_2_1            |        0|    0|    173|      53|    0|
    |sitofp_32s_32_5_no_dsp_1_U802       |sitofp_32s_32_5_no_dsp_1       |        0|    0|      0|       0|    0|
    |sitofp_32s_32_5_no_dsp_1_U803       |sitofp_32s_32_5_no_dsp_1       |        0|    0|      0|       0|    0|
    +------------------------------------+-------------------------------+---------+-----+-------+--------+-----+
    |Total                               |                               |       34|  651| 192817|  394830|    0|
    +------------------------------------+-------------------------------+---------+-----+-------+--------+-----+

    * DSP: 
    N/A

    * Memory: 
    +-------------------+-----------------+---------+---+----+-----+--------+-----+------+-------------+
    |       Memory      |      Module     | BRAM_18K| FF| LUT| URAM|  Words | Bits| Banks| W*Bits*Banks|
    +-------------------+-----------------+---------+---+----+-----+--------+-----+------+-------------+
    |att_out_buff_U     |att_out_buff     |        4|  0|   0|    0|   98304|    8|     1|       786432|
    |att_scores_buff_U  |att_scores_buff  |        4|  0|   0|    0|  196608|    8|     1|      1572864|
    |lin_buff_U         |lin_buff         |        8|  0|   0|    0|   98304|   16|     1|      1572864|
    +-------------------+-----------------+---------+---+----+-----+--------+-----+------+-------------+
    |Total              |                 |       16|  0|   0|    0|  393216|   32|     3|      3932160|
    +-------------------+-----------------+---------+---+----+-----+--------+-----+------+-------------+

    * FIFO: 
    N/A

    * Expression: 
    +-----------------+----------+----+---+----+------------+------------+
    |  Variable Name  | Operation| DSP| FF| LUT| Bitwidth P0| Bitwidth P1|
    +-----------------+----------+----+---+----+------------+------------+
    |ap_block_state1  |        or|   0|  0|   2|           1|           1|
    +-----------------+----------+----+---+----+------------+------------+
    |Total            |          |   0|  0|   2|           1|           1|
    +-----------------+----------+----+---+----+------------+------------+

    * Multiplexer: 
    +---------------------------------+----+-----------+-----+-----------+
    |               Name              | LUT| Input Size| Bits| Total Bits|
    +---------------------------------+----+-----------+-----+-----------+
    |ap_NS_fsm                        |  65|         15|    1|         15|
    |ap_done                          |   9|          2|    1|          2|
    |att_out_buff_address0            |  14|          3|   17|         51|
    |att_out_buff_ce0                 |  14|          3|    1|          3|
    |att_out_buff_we0                 |   9|          2|    1|          2|
    |att_scores_buff_address0         |  14|          3|   18|         54|
    |att_scores_buff_ce0              |  14|          3|    1|          3|
    |att_scores_buff_ce1              |   9|          2|    1|          2|
    |att_scores_buff_we0              |   9|          2|    1|          2|
    |gmem_ARADDR                      |  31|          6|   64|        384|
    |gmem_ARBURST                     |  31|          6|    2|         12|
    |gmem_ARCACHE                     |  31|          6|    4|         24|
    |gmem_ARID                        |  31|          6|    1|          6|
    |gmem_ARLEN                       |  31|          6|   32|        192|
    |gmem_ARLOCK                      |  31|          6|    2|         12|
    |gmem_ARPROT                      |  31|          6|    3|         18|
    |gmem_ARQOS                       |  31|          6|    4|         24|
    |gmem_ARREGION                    |  31|          6|    4|         24|
    |gmem_ARSIZE                      |  31|          6|    3|         18|
    |gmem_ARUSER                      |  31|          6|    1|          6|
    |gmem_ARVALID                     |  31|          6|    1|          6|
    |gmem_AWADDR                      |  14|          3|   64|        192|
    |gmem_AWBURST                     |  14|          3|    2|          6|
    |gmem_AWCACHE                     |  14|          3|    4|         12|
    |gmem_AWID                        |  14|          3|    1|          3|
    |gmem_AWLEN                       |  14|          3|   32|         96|
    |gmem_AWLOCK                      |  14|          3|    2|          6|
    |gmem_AWPROT                      |  14|          3|    3|          9|
    |gmem_AWQOS                       |  14|          3|    4|         12|
    |gmem_AWREGION                    |  14|          3|    4|         12|
    |gmem_AWSIZE                      |  14|          3|    3|          9|
    |gmem_AWUSER                      |  14|          3|    1|          3|
    |gmem_AWVALID                     |  14|          3|    1|          3|
    |gmem_BREADY                      |  14|          3|    1|          3|
    |gmem_RREADY                      |  31|          6|    1|          6|
    |gmem_WDATA                       |  14|          3|  512|       1536|
    |gmem_WID                         |  14|          3|    1|          3|
    |gmem_WLAST                       |  14|          3|    1|          3|
    |gmem_WSTRB                       |  14|          3|   64|        192|
    |gmem_WUSER                       |  14|          3|    1|          3|
    |gmem_WVALID                      |  14|          3|    1|          3|
    |grp_fu_486_ce                    |  14|          3|    1|          3|
    |grp_fu_486_p0                    |   9|          2|   32|         64|
    |grp_fu_489_ce                    |   9|          2|    1|          2|
    |grp_fu_493_ce                    |  14|          3|    1|          3|
    |grp_fu_493_p0                    |   9|          2|   32|         64|
    |grp_fu_493_p1                    |   9|          2|   32|         64|
    |grp_fu_497_ce                    |   9|          2|    1|          2|
    |grp_fu_500_ce                    |   9|          2|    1|          2|
    |grp_fu_503_ce                    |   9|          2|    1|          2|
    |grp_fu_507_ce                    |   9|          2|    1|          2|
    |grp_linear_fused_fu_303_B        |  20|          4|   64|        256|
    |grp_linear_fused_fu_303_M_scale  |  20|          4|   32|        128|
    |grp_linear_fused_fu_303_bias     |  20|          4|   64|        256|
    |grp_linear_fused_fu_303_out_r    |  20|          4|   64|        256|
    |lin_buff_address0                |  14|          3|   17|         51|
    |lin_buff_ce0                     |  14|          3|    1|          3|
    |lin_buff_ce1                     |   9|          2|    1|          2|
    |lin_buff_d0                      |  14|          3|   16|         48|
    |lin_buff_we0                     |  14|          3|    1|          3|
    |lin_buff_we1                     |   9|          2|    1|          2|
    +---------------------------------+----+-----------+-----+-----------+
    |Total                            |1080|        224| 1230|       4185|
    +---------------------------------+----+-----------+-----+-----------+

    * Register: 
    +------------------------------------------------+----+----+-----+-----------+
    |                      Name                      | FF | LUT| Bits| Const Bits|
    +------------------------------------------------+----+----+-----+-----------+
    |ap_CS_fsm                                       |  14|   0|   14|          0|
    |ap_done_reg                                     |   1|   0|    1|          0|
    |ap_rst_n_inv                                    |   1|   0|    1|          0|
    |ap_rst_reg_1                                    |   1|   0|    1|          0|
    |ap_rst_reg_2                                    |   1|   0|    1|          0|
    |grp_attention_scores_fused_fu_344_ap_start_reg  |   1|   0|    1|          0|
    |grp_attention_values_fused_fu_292_ap_start_reg  |   1|   0|    1|          0|
    |grp_layernorm_fused2_fu_354_ap_start_reg        |   1|   0|    1|          0|
    |grp_linear_fused2_fu_327_ap_start_reg           |   1|   0|    1|          0|
    |grp_linear_fused_fu_303_ap_start_reg            |   1|   0|    1|          0|
    +------------------------------------------------+----+----+-----+-----------+
    |Total                                           |  23|   0|   23|          0|
    +------------------------------------------------+----+----+-----+-----------+



================================================================
== Interface
================================================================
* Summary: 
+-----------------------+-----+-----+---------------+--------------+--------------+
|       RTL Ports       | Dir | Bits|    Protocol   | Source Object|    C Type    |
+-----------------------+-----+-----+---------------+--------------+--------------+
|s_axi_control_AWVALID  |   in|    1|          s_axi|       control|        scalar|
|s_axi_control_AWREADY  |  out|    1|          s_axi|       control|        scalar|
|s_axi_control_AWADDR   |   in|    9|          s_axi|       control|        scalar|
|s_axi_control_WVALID   |   in|    1|          s_axi|       control|        scalar|
|s_axi_control_WREADY   |  out|    1|          s_axi|       control|        scalar|
|s_axi_control_WDATA    |   in|   32|          s_axi|       control|        scalar|
|s_axi_control_WSTRB    |   in|    4|          s_axi|       control|        scalar|
|s_axi_control_ARVALID  |   in|    1|          s_axi|       control|        scalar|
|s_axi_control_ARREADY  |  out|    1|          s_axi|       control|        scalar|
|s_axi_control_ARADDR   |   in|    9|          s_axi|       control|        scalar|
|s_axi_control_RVALID   |  out|    1|          s_axi|       control|        scalar|
|s_axi_control_RREADY   |   in|    1|          s_axi|       control|        scalar|
|s_axi_control_RDATA    |  out|   32|          s_axi|       control|        scalar|
|s_axi_control_RRESP    |  out|    2|          s_axi|       control|        scalar|
|s_axi_control_BVALID   |  out|    1|          s_axi|       control|        scalar|
|s_axi_control_BREADY   |   in|    1|          s_axi|       control|        scalar|
|s_axi_control_BRESP    |  out|    2|          s_axi|       control|        scalar|
|ap_clk                 |   in|    1|  ap_ctrl_chain|         fpga1|  return value|
|ap_rst_n               |   in|    1|  ap_ctrl_chain|         fpga1|  return value|
|interrupt              |  out|    1|  ap_ctrl_chain|         fpga1|  return value|
|m_axi_gmem_AWVALID     |  out|    1|          m_axi|          gmem|       pointer|
|m_axi_gmem_AWREADY     |   in|    1|          m_axi|          gmem|       pointer|
|m_axi_gmem_AWADDR      |  out|   64|          m_axi|          gmem|       pointer|
|m_axi_gmem_AWID        |  out|    1|          m_axi|          gmem|       pointer|
|m_axi_gmem_AWLEN       |  out|    8|          m_axi|          gmem|       pointer|
|m_axi_gmem_AWSIZE      |  out|    3|          m_axi|          gmem|       pointer|
|m_axi_gmem_AWBURST     |  out|    2|          m_axi|          gmem|       pointer|
|m_axi_gmem_AWLOCK      |  out|    2|          m_axi|          gmem|       pointer|
|m_axi_gmem_AWCACHE     |  out|    4|          m_axi|          gmem|       pointer|
|m_axi_gmem_AWPROT      |  out|    3|          m_axi|          gmem|       pointer|
|m_axi_gmem_AWQOS       |  out|    4|          m_axi|          gmem|       pointer|
|m_axi_gmem_AWREGION    |  out|    4|          m_axi|          gmem|       pointer|
|m_axi_gmem_AWUSER      |  out|    1|          m_axi|          gmem|       pointer|
|m_axi_gmem_WVALID      |  out|    1|          m_axi|          gmem|       pointer|
|m_axi_gmem_WREADY      |   in|    1|          m_axi|          gmem|       pointer|
|m_axi_gmem_WDATA       |  out|  512|          m_axi|          gmem|       pointer|
|m_axi_gmem_WSTRB       |  out|   64|          m_axi|          gmem|       pointer|
|m_axi_gmem_WLAST       |  out|    1|          m_axi|          gmem|       pointer|
|m_axi_gmem_WID         |  out|    1|          m_axi|          gmem|       pointer|
|m_axi_gmem_WUSER       |  out|    1|          m_axi|          gmem|       pointer|
|m_axi_gmem_ARVALID     |  out|    1|          m_axi|          gmem|       pointer|
|m_axi_gmem_ARREADY     |   in|    1|          m_axi|          gmem|       pointer|
|m_axi_gmem_ARADDR      |  out|   64|          m_axi|          gmem|       pointer|
|m_axi_gmem_ARID        |  out|    1|          m_axi|          gmem|       pointer|
|m_axi_gmem_ARLEN       |  out|    8|          m_axi|          gmem|       pointer|
|m_axi_gmem_ARSIZE      |  out|    3|          m_axi|          gmem|       pointer|
|m_axi_gmem_ARBURST     |  out|    2|          m_axi|          gmem|       pointer|
|m_axi_gmem_ARLOCK      |  out|    2|          m_axi|          gmem|       pointer|
|m_axi_gmem_ARCACHE     |  out|    4|          m_axi|          gmem|       pointer|
|m_axi_gmem_ARPROT      |  out|    3|          m_axi|          gmem|       pointer|
|m_axi_gmem_ARQOS       |  out|    4|          m_axi|          gmem|       pointer|
|m_axi_gmem_ARREGION    |  out|    4|          m_axi|          gmem|       pointer|
|m_axi_gmem_ARUSER      |  out|    1|          m_axi|          gmem|       pointer|
|m_axi_gmem_RVALID      |   in|    1|          m_axi|          gmem|       pointer|
|m_axi_gmem_RREADY      |  out|    1|          m_axi|          gmem|       pointer|
|m_axi_gmem_RDATA       |   in|  512|          m_axi|          gmem|       pointer|
|m_axi_gmem_RLAST       |   in|    1|          m_axi|          gmem|       pointer|
|m_axi_gmem_RID         |   in|    1|          m_axi|          gmem|       pointer|
|m_axi_gmem_RUSER       |   in|    1|          m_axi|          gmem|       pointer|
|m_axi_gmem_RRESP       |   in|    2|          m_axi|          gmem|       pointer|
|m_axi_gmem_BVALID      |   in|    1|          m_axi|          gmem|       pointer|
|m_axi_gmem_BREADY      |  out|    1|          m_axi|          gmem|       pointer|
|m_axi_gmem_BRESP       |   in|    2|          m_axi|          gmem|       pointer|
|m_axi_gmem_BID         |   in|    1|          m_axi|          gmem|       pointer|
|m_axi_gmem_BUSER       |   in|    1|          m_axi|          gmem|       pointer|
+-----------------------+-----+-----+---------------+--------------+--------------+

