Copyright 1986-2020 Xilinx, Inc. All Rights Reserved.
----------------------------------------------------------------------------------------------------------------------------------------------------------------------------
| Tool Version : Vivado v.2020.2 (lin64) Build 3064766 Wed Nov 18 09:12:47 MST 2020
| Date         : Sun Apr 18 14:56:01 2021
| Host         : viz-n1.crc.pitt.edu running 64-bit Red Hat Enterprise Linux Server release 7.9 (Maipo)
| Command      : report_accelerator_utilization -kernels { fpga2:pfm_top_i/dynamic_region/fpga2_1/inst:fpga2_1} -file kernel_util_routed.rpt -name kernel_util_routed -json
| Design       : pfm_top_wrapper
| Device       : xcu200
| Design State : Routed
----------------------------------------------------------------------------------------------------------------------------------------------------------------------------

Accelerator Utilization Design Information

Table of Contents
-----------------
1. System Utilization

1. System Utilization
---------------------

+---------------------+-------------------+------------------+-------------------+----------------+---------------+----------------+
| Name                | LUT               | LUTAsMem         | REG               | BRAM           | URAM          | DSP            |
+---------------------+-------------------+------------------+-------------------+----------------+---------------+----------------+
| Platform            |  151714 [ 12.83%] |  16373 [  2.77%] |  214177 [  9.06%] |  301 [ 13.94%] |   0 [  0.00%] |    7 [  0.10%] |
| User Budget         | 1030526 [100.00%] | 575467 [100.00%] | 2150303 [100.00%] | 1859 [100.00%] | 960 [100.00%] | 6833 [100.00%] |
|    Used Resources   |   14718 [  1.43%] |    876 [  0.15%] |   32335 [  1.50%] |   63 [  3.39%] |   0 [  0.00%] |   19 [  0.28%] |
|    Unused Resources | 1015808 [ 98.57%] | 574591 [ 99.85%] | 2117968 [ 98.50%] | 1796 [ 96.61%] | 960 [100.00%] | 6814 [ 99.72%] |
| fpga2               |   14718 [  1.43%] |    876 [  0.15%] |   32335 [  1.50%] |   63 [  3.39%] |   0 [  0.00%] |   19 [  0.28%] |
|    fpga2_1          |   14718 [  1.43%] |    876 [  0.15%] |   32335 [  1.50%] |   63 [  3.39%] |   0 [  0.00%] |   19 [  0.28%] |
+---------------------+-------------------+------------------+-------------------+----------------+---------------+----------------+


